<?xml version="1.0" encoding="UTF-8"?>
<!-- Generated by org.testng.reporters.JUnitXMLReporter -->
<testsuite hostname="DESKTOP-OJD6TFS" name="Default test" tests="3" failures="0" timestamp="6 Oct 2020 20:32:58 GMT" time="0.013" errors="0">
  <testcase name="googleLogoTest" time="0.003" classname="com.shoaib.selenium.TestNGBasics"/>
  <testcase name="googleTitleTest" time="0.0" classname="com.shoaib.selenium.TestNGBasics"/>
  <testcase name="searchTest" time="0.0" classname="com.shoaib.selenium.TestNGBasics"/>
</testsuite> <!-- Default test -->
