<?xml version="1.0" encoding="UTF-8"?>
<testng-results skipped="0" failed="0" total="3" passed="3">
  <reporter-output>
  </reporter-output>
  <suite name="Default suite" duration-ms="13" started-at="2020-10-06T20:32:57Z" finished-at="2020-10-06T20:32:57Z">
    <groups>
    </groups>
    <test name="Default test" duration-ms="13" started-at="2020-10-06T20:32:57Z" finished-at="2020-10-06T20:32:57Z">
      <class name="com.shoaib.selenium.TestNGBasics">
        <test-method status="PASS" signature="setUp()[pri:0, instance:com.shoaib.selenium.TestNGBasics@5a01ccaa]" name="setUp" is-config="true" duration-ms="5" started-at="2020-10-07T02:02:57Z" finished-at="2020-10-07T02:02:57Z">
          <reporter-output>
          </reporter-output>
        </test-method> <!-- setUp -->
        <test-method status="PASS" signature="launchBrowser()[pri:0, instance:com.shoaib.selenium.TestNGBasics@5a01ccaa]" name="launchBrowser" is-config="true" duration-ms="0" started-at="2020-10-07T02:02:57Z" finished-at="2020-10-07T02:02:57Z">
          <reporter-output>
          </reporter-output>
        </test-method> <!-- launchBrowser -->
        <test-method status="PASS" signature="login()[pri:0, instance:com.shoaib.selenium.TestNGBasics@5a01ccaa]" name="login" is-config="true" duration-ms="0" started-at="2020-10-07T02:02:57Z" finished-at="2020-10-07T02:02:57Z">
          <reporter-output>
          </reporter-output>
        </test-method> <!-- login -->
        <test-method status="PASS" signature="enterURL()[pri:0, instance:com.shoaib.selenium.TestNGBasics@5a01ccaa]" name="enterURL" is-config="true" duration-ms="0" started-at="2020-10-07T02:02:57Z" finished-at="2020-10-07T02:02:57Z">
          <reporter-output>
          </reporter-output>
        </test-method> <!-- enterURL -->
        <test-method status="PASS" signature="googleLogoTest()[pri:0, instance:com.shoaib.selenium.TestNGBasics@5a01ccaa]" name="googleLogoTest" duration-ms="3" started-at="2020-10-07T02:02:57Z" finished-at="2020-10-07T02:02:57Z">
          <reporter-output>
          </reporter-output>
        </test-method> <!-- googleLogoTest -->
        <test-method status="PASS" signature="logout()[pri:0, instance:com.shoaib.selenium.TestNGBasics@5a01ccaa]" name="logout" is-config="true" duration-ms="1" started-at="2020-10-07T02:02:57Z" finished-at="2020-10-07T02:02:57Z">
          <reporter-output>
          </reporter-output>
        </test-method> <!-- logout -->
        <test-method status="PASS" signature="enterURL()[pri:0, instance:com.shoaib.selenium.TestNGBasics@5a01ccaa]" name="enterURL" is-config="true" duration-ms="0" started-at="2020-10-07T02:02:57Z" finished-at="2020-10-07T02:02:57Z">
          <reporter-output>
          </reporter-output>
        </test-method> <!-- enterURL -->
        <test-method status="PASS" signature="logout()[pri:0, instance:com.shoaib.selenium.TestNGBasics@5a01ccaa]" name="logout" is-config="true" duration-ms="1" started-at="2020-10-07T02:02:57Z" finished-at="2020-10-07T02:02:57Z">
          <reporter-output>
          </reporter-output>
        </test-method> <!-- logout -->
        <test-method status="PASS" signature="googleTitleTest()[pri:0, instance:com.shoaib.selenium.TestNGBasics@5a01ccaa]" name="googleTitleTest" duration-ms="0" started-at="2020-10-07T02:02:57Z" finished-at="2020-10-07T02:02:57Z">
          <reporter-output>
          </reporter-output>
        </test-method> <!-- googleTitleTest -->
        <test-method status="PASS" signature="enterURL()[pri:0, instance:com.shoaib.selenium.TestNGBasics@5a01ccaa]" name="enterURL" is-config="true" duration-ms="0" started-at="2020-10-07T02:02:57Z" finished-at="2020-10-07T02:02:57Z">
          <reporter-output>
          </reporter-output>
        </test-method> <!-- enterURL -->
        <test-method status="PASS" signature="searchTest()[pri:0, instance:com.shoaib.selenium.TestNGBasics@5a01ccaa]" name="searchTest" duration-ms="0" started-at="2020-10-07T02:02:57Z" finished-at="2020-10-07T02:02:57Z">
          <reporter-output>
          </reporter-output>
        </test-method> <!-- searchTest -->
        <test-method status="PASS" signature="logout()[pri:0, instance:com.shoaib.selenium.TestNGBasics@5a01ccaa]" name="logout" is-config="true" duration-ms="0" started-at="2020-10-07T02:02:57Z" finished-at="2020-10-07T02:02:57Z">
          <reporter-output>
          </reporter-output>
        </test-method> <!-- logout -->
        <test-method status="PASS" signature="deleteallcookies()[pri:0, instance:com.shoaib.selenium.TestNGBasics@5a01ccaa]" name="deleteallcookies" is-config="true" duration-ms="1" started-at="2020-10-07T02:02:57Z" finished-at="2020-10-07T02:02:57Z">
          <reporter-output>
          </reporter-output>
        </test-method> <!-- deleteallcookies -->
        <test-method status="PASS" signature="closeBrowser()[pri:0, instance:com.shoaib.selenium.TestNGBasics@5a01ccaa]" name="closeBrowser" is-config="true" duration-ms="0" started-at="2020-10-07T02:02:57Z" finished-at="2020-10-07T02:02:57Z">
          <reporter-output>
          </reporter-output>
        </test-method> <!-- closeBrowser -->
      </class> <!-- com.shoaib.selenium.TestNGBasics -->
    </test> <!-- Default test -->
  </suite> <!-- Default suite -->
</testng-results>
